TN:
SF:server/src/app.js
FN:16,(anonymous_0)
FN:26,(anonymous_1)
FN:33,(anonymous_2)
FN:44,(anonymous_3)
FN:53,(anonymous_4)
FN:63,(anonymous_5)
FN:76,(anonymous_6)
FNF:7
FNH:6
FNDA:20,(anonymous_0)
FNDA:0,(anonymous_1)
FNDA:2,(anonymous_2)
FNDA:4,(anonymous_3)
FNDA:2,(anonymous_4)
FNDA:2,(anonymous_5)
FNDA:1,(anonymous_6)
DA:1,2
DA:2,2
DA:3,2
DA:4,2
DA:5,2
DA:6,2
DA:7,2
DA:8,2
DA:10,2
DA:12,2
DA:13,2
DA:16,2
DA:17,20
DA:18,20
DA:22,2
DA:26,2
DA:27,0
DA:33,2
DA:34,2
DA:35,2
DA:36,2
DA:37,1
DA:38,1
DA:40,0
DA:44,2
DA:45,4
DA:46,4
DA:47,4
DA:48,4
DA:49,4
DA:50,4
DA:53,2
DA:54,2
DA:55,2
DA:56,2
DA:57,1
DA:59,0
DA:63,2
DA:64,2
DA:65,2
DA:66,2
DA:67,2
DA:68,1
DA:69,1
DA:70,1
DA:72,0
DA:76,2
DA:77,1
DA:78,1
DA:79,1
DA:80,1
DA:81,1
DA:82,1
DA:84,0
DA:89,2
DA:91,2
LF:56
LH:51
BRDA:36,0,0,1
BRDA:36,0,1,1
BRDA:45,1,0,2
BRDA:45,2,0,2
BRDA:47,3,0,1
BRDA:47,3,1,3
BRDA:56,4,0,1
BRDA:56,4,1,1
BRDA:66,5,0,0
BRDA:66,5,1,2
BRDA:67,6,0,1
BRDA:67,6,1,1
BRDA:79,7,0,0
BRDA:79,7,1,1
BRDA:80,8,0,0
BRDA:80,8,1,1
BRF:16
BRH:13
end_of_record
TN:
SF:server/src/middleware/auth.js
FN:6,(anonymous_0)
FNF:1
FNH:1
FNDA:10,(anonymous_0)
DA:3,3
DA:4,3
DA:6,3
DA:7,10
DA:8,10
DA:9,6
DA:10,6
DA:11,6
DA:12,6
DA:14,6
DA:15,6
DA:16,6
DA:18,0
LF:13
LH:12
BRDA:8,0,0,4
BRDA:8,0,1,6
BRDA:10,1,0,0
BRDA:10,1,1,6
BRDA:14,2,0,6
BRDA:14,2,1,6
BRF:6
BRH:5
end_of_record
TN:
SF:server/src/middleware/errorHandler.js
FN:5,errorHandler
FNF:1
FNH:1
FNDA:2,errorHandler
DA:2,3
DA:6,2
DA:7,2
DA:8,2
DA:11,3
LF:5
LH:5
BRDA:7,0,0,2
BRDA:7,0,1,1
BRDA:8,1,0,2
BRDA:8,1,1,1
BRF:4
BRH:4
end_of_record
TN:
SF:server/src/models/Post.js
FNF:0
FNH:0
DA:1,1
DA:3,1
DA:11,1
LF:3
LH:3
BRF:0
BRH:0
end_of_record
TN:
SF:server/src/models/User.js
FN:11,(anonymous_0)
FNF:1
FNH:1
FNDA:3,(anonymous_0)
DA:1,3
DA:2,3
DA:4,3
DA:11,3
DA:12,3
DA:13,2
DA:14,2
DA:17,3
LF:8
LH:8
BRDA:12,0,0,1
BRDA:12,0,1,2
BRF:2
BRH:2
end_of_record
TN:
SF:server/src/routes/auth.js
FN:10,(anonymous_0)
FN:15,(anonymous_1)
FN:23,(anonymous_2)
FN:26,(anonymous_3)
FNF:4
FNH:4
FNDA:4,(anonymous_0)
FNDA:5,(anonymous_1)
FNDA:2,(anonymous_2)
FNDA:6,(anonymous_3)
DA:1,2
DA:2,2
DA:3,2
DA:6,2
DA:8,2
DA:10,2
DA:11,4
DA:12,4
DA:13,0
DA:15,5
DA:16,4
DA:17,3
DA:18,3
DA:19,3
DA:20,3
DA:23,2
DA:24,2
DA:25,2
DA:26,6
DA:27,2
DA:28,1
DA:29,1
DA:30,1
DA:31,1
DA:34,2
LF:25
LH:24
BRDA:12,0,0,0
BRDA:12,0,1,4
BRDA:12,1,0,4
BRDA:12,1,1,4
BRDA:12,1,2,4
BRDA:16,2,0,1
BRDA:16,2,1,3
BRDA:25,3,0,0
BRDA:25,3,1,2
BRDA:25,4,0,2
BRDA:25,4,1,2
BRDA:27,5,0,1
BRDA:27,5,1,1
BRDA:29,6,0,0
BRDA:29,6,1,1
BRF:15
BRH:12
end_of_record
TN:
SF:server/src/utils/auth.js
FN:3,generateToken
FNF:1
FNH:1
FNDA:4,generateToken
DA:1,3
DA:4,4
DA:5,4
DA:8,3
LF:4
LH:4
BRDA:4,0,0,4
BRDA:4,0,1,0
BRDA:5,1,0,4
BRDA:5,1,1,4
BRF:4
BRH:3
end_of_record
TN:
SF:server/src/utils/logger.js
FN:2,logInfo
FN:8,logError
FNF:2
FNH:2
FNDA:21,logInfo
FNDA:3,logError
DA:5,21
DA:9,3
DA:12,4
LF:3
LH:3
BRDA:2,0,0,0
BRDA:8,1,0,0
BRF:2
BRH:0
end_of_record
