TN:
SF:server/src/app.js
FN:17,(anonymous_0)
FN:30,(anonymous_1)
FN:37,(anonymous_2)
FN:53,(anonymous_3)
FN:55,(anonymous_4)
FN:68,(anonymous_5)
FN:70,(anonymous_6)
FN:83,(anonymous_7)
FN:85,(anonymous_8)
FN:103,(anonymous_9)
FN:105,(anonymous_10)
FNF:11
FNH:11
FNDA:36,(anonymous_0)
FNDA:1,(anonymous_1)
FNDA:4,(anonymous_2)
FNDA:5,(anonymous_3)
FNDA:1,(anonymous_4)
FNDA:4,(anonymous_5)
FNDA:2,(anonymous_6)
FNDA:5,(anonymous_7)
FNDA:3,(anonymous_8)
FNDA:4,(anonymous_9)
FNDA:3,(anonymous_10)
DA:1,3
DA:2,3
DA:3,3
DA:4,3
DA:5,3
DA:6,3
DA:7,3
DA:8,3
DA:9,3
DA:11,3
DA:13,3
DA:14,3
DA:17,3
DA:18,36
DA:19,36
DA:23,3
DA:26,3
DA:27,3
DA:30,3
DA:31,1
DA:37,3
DA:38,4
DA:39,4
DA:40,2
DA:41,1
DA:42,1
DA:43,1
DA:45,1
DA:46,1
DA:47,1
DA:49,0
DA:53,3
DA:54,5
DA:55,5
DA:56,5
DA:57,1
DA:58,1
DA:59,1
DA:61,4
DA:62,4
DA:63,4
DA:64,4
DA:65,4
DA:68,3
DA:69,4
DA:70,2
DA:71,2
DA:72,1
DA:74,2
DA:75,2
DA:76,2
DA:77,1
DA:79,0
DA:83,3
DA:84,5
DA:85,3
DA:86,3
DA:87,2
DA:88,1
DA:89,1
DA:91,2
DA:92,2
DA:93,2
DA:94,2
DA:95,1
DA:96,1
DA:97,1
DA:99,0
DA:103,3
DA:104,4
DA:105,3
DA:106,3
DA:107,2
DA:108,1
DA:109,1
DA:111,1
DA:112,1
DA:113,1
DA:114,1
DA:115,1
DA:116,1
DA:118,0
DA:123,3
DA:125,3
LF:84
LH:80
BRDA:39,0,0,2
BRDA:39,0,1,2
BRDA:40,1,0,1
BRDA:40,1,1,1
BRDA:54,2,0,2
BRDA:54,3,0,2
BRDA:55,4,0,1
BRDA:55,4,1,1
BRDA:56,5,0,1
BRDA:56,5,1,4
BRDA:62,6,0,1
BRDA:62,6,1,3
BRDA:69,7,0,2
BRDA:69,7,1,2
BRDA:71,8,0,1
BRDA:71,8,1,1
BRDA:76,9,0,1
BRDA:76,9,1,1
BRDA:84,10,0,3
BRDA:84,10,1,2
BRDA:86,11,0,1
BRDA:86,11,1,2
BRDA:87,12,0,1
BRDA:87,12,1,1
BRDA:93,13,0,0
BRDA:93,13,1,2
BRDA:94,14,0,1
BRDA:94,14,1,1
BRDA:104,15,0,3
BRDA:104,15,1,1
BRDA:106,16,0,1
BRDA:106,16,1,2
BRDA:107,17,0,1
BRDA:107,17,1,1
BRDA:113,18,0,0
BRDA:113,18,1,1
BRDA:114,19,0,0
BRDA:114,19,1,1
BRF:38
BRH:35
end_of_record
TN:
SF:server/src/middleware/auth.js
FN:6,(anonymous_0)
FNF:1
FNH:1
FNDA:18,(anonymous_0)
DA:3,4
DA:4,4
DA:6,4
DA:7,18
DA:8,18
DA:9,14
DA:10,14
DA:11,14
DA:12,14
DA:14,14
DA:15,14
DA:16,14
DA:18,0
LF:13
LH:12
BRDA:8,0,0,4
BRDA:8,0,1,14
BRDA:10,1,0,0
BRDA:10,1,1,14
BRDA:14,2,0,14
BRDA:14,2,1,14
BRF:6
BRH:5
end_of_record
TN:
SF:server/src/middleware/errorHandler.js
FN:5,errorHandler
FNF:1
FNH:1
FNDA:2,errorHandler
DA:2,4
DA:6,2
DA:7,2
DA:8,2
DA:11,4
LF:5
LH:5
BRDA:7,0,0,2
BRDA:7,0,1,1
BRDA:8,1,0,2
BRDA:8,1,1,1
BRF:4
BRH:4
end_of_record
TN:
SF:server/src/models/Post.js
FNF:0
FNH:0
DA:1,2
DA:3,2
DA:11,2
LF:3
LH:3
BRF:0
BRH:0
end_of_record
TN:
SF:server/src/models/User.js
FN:11,(anonymous_0)
FNF:1
FNH:1
FNDA:3,(anonymous_0)
DA:1,4
DA:2,4
DA:4,4
DA:11,4
DA:12,3
DA:13,2
DA:14,2
DA:17,4
LF:8
LH:8
BRDA:12,0,0,1
BRDA:12,0,1,2
BRF:2
BRH:2
end_of_record
TN:
SF:server/src/routes/auth.js
FN:10,(anonymous_0)
FN:15,(anonymous_1)
FN:23,(anonymous_2)
FN:26,(anonymous_3)
FNF:4
FNH:4
FNDA:6,(anonymous_0)
FNDA:6,(anonymous_1)
FNDA:4,(anonymous_2)
FNDA:9,(anonymous_3)
DA:1,3
DA:2,3
DA:3,3
DA:6,3
DA:8,3
DA:10,3
DA:11,6
DA:12,6
DA:13,0
DA:15,6
DA:16,6
DA:17,5
DA:18,5
DA:19,5
DA:20,5
DA:23,3
DA:24,4
DA:25,4
DA:26,9
DA:27,4
DA:28,3
DA:29,3
DA:30,3
DA:31,3
DA:34,3
LF:25
LH:24
BRDA:12,0,0,0
BRDA:12,0,1,6
BRDA:12,1,0,6
BRDA:12,1,1,6
BRDA:12,1,2,6
BRDA:16,2,0,1
BRDA:16,2,1,5
BRDA:25,3,0,0
BRDA:25,3,1,4
BRDA:25,4,0,4
BRDA:25,4,1,4
BRDA:27,5,0,1
BRDA:27,5,1,3
BRDA:29,6,0,0
BRDA:29,6,1,3
BRDA:30,7,0,3
BRDA:30,7,1,3
BRF:17
BRH:14
end_of_record
TN:
SF:server/src/utils/auth.js
FN:3,generateToken
FNF:1
FNH:1
FNDA:4,generateToken
DA:1,3
DA:4,4
DA:5,4
DA:8,3
LF:4
LH:4
BRDA:4,0,0,4
BRDA:4,0,1,0
BRDA:5,1,0,4
BRDA:5,1,1,4
BRF:4
BRH:3
end_of_record
TN:
SF:server/src/utils/logger.js
FN:2,logInfo
FN:8,logError
FNF:2
FNH:2
FNDA:37,logInfo
FNDA:3,logError
DA:5,37
DA:9,3
DA:12,5
LF:3
LH:3
BRDA:2,0,0,0
BRDA:8,1,0,0
BRF:2
BRH:0
end_of_record
